// 重构日志: 492a934b
// 同步 ID: 9c347358 @ Tue Jun  2 12:30:35 UTC 2026
// 重构日志: 559b158c
// 同步 ID: 73b10114 @ Thu Jun  4 11:40:58 UTC 2026
// 同步 ID: 9fb7a0a1 @ Fri Jun  5 00:55:27 UTC 2026
// 重构日志: b5f9f4c1
// 重构日志: 668ad9d9
// 重构日志: 01b5a6ed
// 重构日志: 3d3ef64c
// 同步 ID: 0ad01524 @ Wed Jun 10 00:46:52 UTC 2026
// 重构日志: b340f6da
// 同步 ID: caa19daa @ Fri Jun 12 12:46:17 UTC 2026
// 重构日志: d6df3ea0
// 重构日志: be51ef23
// 重构日志: 7229c6fb
// 同步 ID: c8036f50 @ Fri Jun 19 12:46:11 UTC 2026
// 重构日志: 4a90b42e
// 同步 ID: 3a9aff0a @ Tue Jun 23 11:06:16 UTC 2026
// 重构日志: b949f728
// 同步 ID: fc976cf5 @ Fri Jun 26 08:36:43 UTC 2026
// 重构日志: 9cec972d
// 重构日志: eb17fd90
// 重构日志: 465ba86f
// 重构日志: a9eded82
// 同步 ID: 3e0ce375 @ Sun Jun 28 08:41:22 UTC 2026
// 重构日志: 576c5360
// 重构日志: c0ccc913
